<?xml version="1.0" encoding="UTF-8"?>
<testsuite xmlns:xsi="http://www.w3.org/2001/XMLSchema-instance" xsi:noNamespaceSchemaLocation="https://maven.apache.org/surefire/maven-surefire-plugin/xsd/surefire-test-report.xsd" version="3.0.2" name="br.gov.mt.seplag.cadastro_servidores.CadastroServidoresApplicationTests" time="4.208" tests="1" errors="0" skipped="0" failures="0">
  <properties>
[...]
</properties>
  <testcase name="contextLoads" classname="br.gov.mt.seplag.cadastro_servidores.CadastroServidoresApplicationTests" time="0.687">
    <system-out><![CDATA[08:45:59.611 [main] INFO org.springframework.test.context.support.AnnotationConfigContextLoaderUtils -- Could not detect default configuration classes for test class [br.gov.mt.seplag.cadastro_servidores.CadastroServidoresApplicationTests]: CadastroServidoresApplicationTests does not declare any static, non-private, non-final, nested classes annotated with @Configuration.
08:45:59.717 [main] INFO org.springframework.boot.test.context.SpringBootTestContextBootstrapper -- Found @SpringBootConfiguration br.gov.mt.seplag.cadastro_servidores.CadastroServidoresApplication for test class br.gov.mt.seplag.cadastro_servidores.CadastroServidoresApplicationTests
08:45:59.858 [main] INFO org.springframework.boot.devtools.restart.RestartApplicationListener -- Restart disabled due to context in which it is running

  .   ____          _            __ _ _
 /\\ / ___'_ __ _ _(_)_ __  __ _ \ \ \ \
( ( )\___ | '_ | '_| | '_ \/ _` | \ \ \ \
 \\/  ___)| |_)| | | | | || (_| |  ) ) ) )
  '  |____| .__|_| |_|_| |_\__, | / / / /
 =========|_|==============|___/=/_/_/_/

 :: Spring Boot ::                (v3.4.4)

2025-03-31T08:46:00.140-04:00  INFO 18391 --- [cadastro-servidores] [           main] m.s.c.CadastroServidoresApplicationTests : Starting CadastroServidoresApplicationTests using Java 21.0.5 with PID 18391 (started by rafael in /home/rafael/Área de trabalho/cadastro-servidores)
2025-03-31T08:46:00.142-04:00  INFO 18391 --- [cadastro-servidores] [           main] m.s.c.CadastroServidoresApplicationTests : No active profile set, falling back to 1 default profile: "default"
2025-03-31T08:46:00.710-04:00  INFO 18391 --- [cadastro-servidores] [           main] .s.d.r.c.RepositoryConfigurationDelegate : Bootstrapping Spring Data JPA repositories in DEFAULT mode.
2025-03-31T08:46:00.733-04:00  INFO 18391 --- [cadastro-servidores] [           main] .s.d.r.c.RepositoryConfigurationDelegate : Finished Spring Data repository scanning in 12 ms. Found 0 JPA repository interfaces.
2025-03-31T08:46:01.166-04:00  INFO 18391 --- [cadastro-servidores] [           main] com.zaxxer.hikari.HikariDataSource       : HikariPool-1 - Starting...
2025-03-31T08:46:01.522-04:00  INFO 18391 --- [cadastro-servidores] [           main] com.zaxxer.hikari.pool.HikariPool        : HikariPool-1 - Added connection org.postgresql.jdbc.PgConnection@16d0e521
2025-03-31T08:46:01.524-04:00  INFO 18391 --- [cadastro-servidores] [           main] com.zaxxer.hikari.HikariDataSource       : HikariPool-1 - Start completed.
2025-03-31T08:46:01.551-04:00  INFO 18391 --- [cadastro-servidores] [           main] org.flywaydb.core.FlywayExecutor         : Database: jdbc:postgresql://localhost:5432/cadastro_servidores (PostgreSQL 17.4)
2025-03-31T08:46:01.589-04:00  INFO 18391 --- [cadastro-servidores] [           main] o.f.core.internal.command.DbValidate     : Successfully validated 0 migrations (execution time 00:00.016s)
2025-03-31T08:46:01.589-04:00  WARN 18391 --- [cadastro-servidores] [           main] o.f.core.internal.command.DbValidate     : No migrations found. Are your locations set up correctly?
2025-03-31T08:46:01.667-04:00  INFO 18391 --- [cadastro-servidores] [           main] o.f.core.internal.command.DbMigrate      : Current version of schema "public": << Empty Schema >>
2025-03-31T08:46:01.673-04:00  INFO 18391 --- [cadastro-servidores] [           main] o.f.core.internal.command.DbMigrate      : Schema "public" is up to date. No migration necessary.
2025-03-31T08:46:01.795-04:00  INFO 18391 --- [cadastro-servidores] [           main] o.hibernate.jpa.internal.util.LogHelper  : HHH000204: Processing PersistenceUnitInfo [name: default]
2025-03-31T08:46:01.844-04:00  INFO 18391 --- [cadastro-servidores] [           main] org.hibernate.Version                    : HHH000412: Hibernate ORM core version 6.6.11.Final
2025-03-31T08:46:01.873-04:00  INFO 18391 --- [cadastro-servidores] [           main] o.h.c.internal.RegionFactoryInitiator    : HHH000026: Second-level cache disabled
2025-03-31T08:46:02.104-04:00  INFO 18391 --- [cadastro-servidores] [           main] o.s.o.j.p.SpringPersistenceUnitInfo      : No LoadTimeWeaver setup: ignoring JPA class transformer
2025-03-31T08:46:02.168-04:00  INFO 18391 --- [cadastro-servidores] [           main] org.hibernate.orm.connections.pooling    : HHH10001005: Database info:
	Database JDBC URL [Connecting through datasource 'HikariDataSource (HikariPool-1)']
	Database driver: undefined/unknown
	Database version: 17.4
	Autocommit mode: undefined/unknown
	Isolation level: undefined/unknown
	Minimum pool size: undefined/unknown
	Maximum pool size: undefined/unknown
2025-03-31T08:46:02.428-04:00  INFO 18391 --- [cadastro-servidores] [           main] o.h.e.t.j.p.i.JtaPlatformInitiator       : HHH000489: No JTA platform available (set 'hibernate.transaction.jta.platform' to enable JTA platform integration)
2025-03-31T08:46:02.432-04:00  INFO 18391 --- [cadastro-servidores] [           main] j.LocalContainerEntityManagerFactoryBean : Initialized JPA EntityManagerFactory for persistence unit 'default'
2025-03-31T08:46:02.554-04:00  WARN 18391 --- [cadastro-servidores] [           main] JpaBaseConfiguration$JpaWebConfiguration : spring.jpa.open-in-view is enabled by default. Therefore, database queries may be performed during view rendering. Explicitly configure spring.jpa.open-in-view to disable this warning
2025-03-31T08:46:02.986-04:00  INFO 18391 --- [cadastro-servidores] [           main] m.s.c.CadastroServidoresApplicationTests : Started CadastroServidoresApplicationTests in 3.139 seconds (process running for 3.935)
]]></system-out>
    <system-err><![CDATA[Mockito is currently self-attaching to enable the inline-mock-maker. This will no longer work in future releases of the JDK. Please add Mockito as an agent to your build what is described in Mockito's documentation: https://javadoc.io/doc/org.mockito/mockito-core/latest/org/mockito/Mockito.html#0.3
WARNING: A Java agent has been loaded dynamically (/home/rafael/.m2/repository/net/bytebuddy/byte-buddy-agent/1.15.11/byte-buddy-agent-1.15.11.jar)
WARNING: If a serviceability tool is in use, please run with -XX:+EnableDynamicAgentLoading to hide this warning
WARNING: If a serviceability tool is not in use, please run with -Djdk.instrument.traceUsage for more information
WARNING: Dynamic loading of agents will be disallowed by default in a future release
]]></system-err>
  </testcase>
</testsuite>